{"F:\\Microverse\\Solo-Projects\\Webpack-Project\\src\\modules\\DisplayTask.js": {"path":"F:\\Microverse\\Solo-Projects\\Webpack-Project\\src\\modules\\DisplayTask.js","statementMap":{"0":{"start":{"line":5,"column":21},"end":{"line":8,"column":3}},"1":{"start":{"line":6,"column":17},"end":{"line":6,"column":37}},"2":{"start":{"line":7,"column":4},"end":{"line":7,"column":43}},"3":{"start":{"line":10,"column":23},"end":{"line":20,"column":3}},"4":{"start":{"line":13,"column":4},"end":{"line":17,"column":5}},"5":{"start":{"line":14,"column":6},"end":{"line":14,"column":20}},"6":{"start":{"line":16,"column":6},"end":{"line":16,"column":62}},"7":{"start":{"line":19,"column":4},"end":{"line":19,"column":20}},"8":{"start":{"line":22,"column":23},"end":{"line":26,"column":3}},"9":{"start":{"line":23,"column":4},"end":{"line":25,"column":7}},"10":{"start":{"line":24,"column":6},"end":{"line":24,"column":25}},"11":{"start":{"line":28,"column":22},"end":{"line":36,"column":3}},"12":{"start":{"line":29,"column":19},"end":{"line":29,"column":37}},"13":{"start":{"line":30,"column":24},"end":{"line":30,"column":36}},"14":{"start":{"line":32,"column":4},"end":{"line":32,"column":63}},"15":{"start":{"line":32,"column":41},"end":{"line":32,"column":61}},"16":{"start":{"line":34,"column":4},"end":{"line":34,"column":31}},"17":{"start":{"line":35,"column":4},"end":{"line":35,"column":29}},"18":{"start":{"line":38,"column":22},"end":{"line":50,"column":3}},"19":{"start":{"line":39,"column":21},"end":{"line":39,"column":39}},"20":{"start":{"line":40,"column":23},"end":{"line":40,"column":35}},"21":{"start":{"line":42,"column":4},"end":{"line":46,"column":7}},"22":{"start":{"line":43,"column":6},"end":{"line":45,"column":7}},"23":{"start":{"line":44,"column":8},"end":{"line":44,"column":33}},"24":{"start":{"line":48,"column":4},"end":{"line":48,"column":29}},"25":{"start":{"line":49,"column":4},"end":{"line":49,"column":24}},"26":{"start":{"line":52,"column":19},"end":{"line":64,"column":3}},"27":{"start":{"line":53,"column":4},"end":{"line":63,"column":8}},"28":{"start":{"line":53,"column":61},"end":{"line":63,"column":6}},"29":{"start":{"line":54,"column":6},"end":{"line":54,"column":25}},"30":{"start":{"line":56,"column":6},"end":{"line":60,"column":7}},"31":{"start":{"line":57,"column":8},"end":{"line":57,"column":24}},"32":{"start":{"line":59,"column":8},"end":{"line":59,"column":15}},"33":{"start":{"line":61,"column":6},"end":{"line":61,"column":26}},"34":{"start":{"line":62,"column":6},"end":{"line":62,"column":26}},"35":{"start":{"line":66,"column":20},"end":{"line":76,"column":3}},"36":{"start":{"line":67,"column":21},"end":{"line":67,"column":39}},"37":{"start":{"line":68,"column":23},"end":{"line":68,"column":35}},"38":{"start":{"line":70,"column":4},"end":{"line":70,"column":64}},"39":{"start":{"line":71,"column":21},"end":{"line":71,"column":58}},"40":{"start":{"line":72,"column":4},"end":{"line":72,"column":44}},"41":{"start":{"line":73,"column":4},"end":{"line":73,"column":36}},"42":{"start":{"line":74,"column":4},"end":{"line":74,"column":70}},"43":{"start":{"line":75,"column":4},"end":{"line":75,"column":21}},"44":{"start":{"line":78,"column":23},"end":{"line":89,"column":3}},"45":{"start":{"line":79,"column":4},"end":{"line":88,"column":8}},"46":{"start":{"line":79,"column":61},"end":{"line":88,"column":6}},"47":{"start":{"line":80,"column":6},"end":{"line":80,"column":25}},"48":{"start":{"line":82,"column":6},"end":{"line":86,"column":7}},"49":{"start":{"line":83,"column":8},"end":{"line":83,"column":24}},"50":{"start":{"line":85,"column":8},"end":{"line":85,"column":15}},"51":{"start":{"line":87,"column":6},"end":{"line":87,"column":24}},"52":{"start":{"line":91,"column":25},"end":{"line":102,"column":3}},"53":{"start":{"line":92,"column":4},"end":{"line":101,"column":8}},"54":{"start":{"line":92,"column":57},"end":{"line":101,"column":6}},"55":{"start":{"line":93,"column":6},"end":{"line":93,"column":25}},"56":{"start":{"line":95,"column":6},"end":{"line":99,"column":7}},"57":{"start":{"line":96,"column":8},"end":{"line":96,"column":25}},"58":{"start":{"line":98,"column":8},"end":{"line":98,"column":15}},"59":{"start":{"line":100,"column":6},"end":{"line":100,"column":24}},"60":{"start":{"line":104,"column":22},"end":{"line":119,"column":3}},"61":{"start":{"line":105,"column":17},"end":{"line":105,"column":45}},"62":{"start":{"line":106,"column":4},"end":{"line":106,"column":33}},"63":{"start":{"line":107,"column":4},"end":{"line":116,"column":10}},"64":{"start":{"line":118,"column":4},"end":{"line":118,"column":16}},"65":{"start":{"line":121,"column":24},"end":{"line":143,"column":3}},"66":{"start":{"line":122,"column":21},"end":{"line":122,"column":39}},"67":{"start":{"line":123,"column":21},"end":{"line":123,"column":63}},"68":{"start":{"line":124,"column":4},"end":{"line":124,"column":28}},"69":{"start":{"line":125,"column":4},"end":{"line":136,"column":7}},"70":{"start":{"line":128,"column":6},"end":{"line":134,"column":7}},"71":{"start":{"line":129,"column":8},"end":{"line":129,"column":34}},"72":{"start":{"line":130,"column":8},"end":{"line":130,"column":34}},"73":{"start":{"line":132,"column":8},"end":{"line":132,"column":27}},"74":{"start":{"line":133,"column":8},"end":{"line":133,"column":25}},"75":{"start":{"line":135,"column":6},"end":{"line":135,"column":73}},"76":{"start":{"line":137,"column":4},"end":{"line":137,"column":19}},"77":{"start":{"line":138,"column":4},"end":{"line":138,"column":23}},"78":{"start":{"line":139,"column":4},"end":{"line":139,"column":25}},"79":{"start":{"line":141,"column":18},"end":{"line":141,"column":42}},"80":{"start":{"line":142,"column":4},"end":{"line":142,"column":34}},"81":{"start":{"line":145,"column":24},"end":{"line":153,"column":3}},"82":{"start":{"line":146,"column":21},"end":{"line":146,"column":39}},"83":{"start":{"line":147,"column":18},"end":{"line":147,"column":37}},"84":{"start":{"line":148,"column":20},"end":{"line":148,"column":49}},"85":{"start":{"line":150,"column":4},"end":{"line":150,"column":27}},"86":{"start":{"line":151,"column":4},"end":{"line":151,"column":29}},"87":{"start":{"line":152,"column":4},"end":{"line":152,"column":24}}},"fnMap":{"0":{"name":"(anonymous_0)","decl":{"start":{"line":5,"column":21},"end":{"line":5,"column":22}},"loc":{"start":{"line":5,"column":31},"end":{"line":8,"column":3}},"line":5},"1":{"name":"(anonymous_1)","decl":{"start":{"line":10,"column":23},"end":{"line":10,"column":24}},"loc":{"start":{"line":10,"column":29},"end":{"line":20,"column":3}},"line":10},"2":{"name":"(anonymous_2)","decl":{"start":{"line":22,"column":23},"end":{"line":22,"column":24}},"loc":{"start":{"line":22,"column":37},"end":{"line":26,"column":3}},"line":22},"3":{"name":"(anonymous_3)","decl":{"start":{"line":23,"column":21},"end":{"line":23,"column":22}},"loc":{"start":{"line":23,"column":34},"end":{"line":25,"column":5}},"line":23},"4":{"name":"(anonymous_4)","decl":{"start":{"line":28,"column":22},"end":{"line":28,"column":23}},"loc":{"start":{"line":28,"column":30},"end":{"line":36,"column":3}},"line":28},"5":{"name":"(anonymous_5)","decl":{"start":{"line":32,"column":31},"end":{"line":32,"column":32}},"loc":{"start":{"line":32,"column":41},"end":{"line":32,"column":61}},"line":32},"6":{"name":"(anonymous_6)","decl":{"start":{"line":38,"column":22},"end":{"line":38,"column":23}},"loc":{"start":{"line":38,"column":37},"end":{"line":50,"column":3}},"line":38},"7":{"name":"(anonymous_7)","decl":{"start":{"line":42,"column":21},"end":{"line":42,"column":22}},"loc":{"start":{"line":42,"column":31},"end":{"line":46,"column":5}},"line":42},"8":{"name":"(anonymous_8)","decl":{"start":{"line":52,"column":19},"end":{"line":52,"column":20}},"loc":{"start":{"line":52,"column":25},"end":{"line":64,"column":3}},"line":52},"9":{"name":"(anonymous_9)","decl":{"start":{"line":53,"column":52},"end":{"line":53,"column":53}},"loc":{"start":{"line":53,"column":61},"end":{"line":63,"column":6}},"line":53},"10":{"name":"(anonymous_10)","decl":{"start":{"line":53,"column":91},"end":{"line":53,"column":92}},"loc":{"start":{"line":53,"column":98},"end":{"line":63,"column":5}},"line":53},"11":{"name":"(anonymous_11)","decl":{"start":{"line":66,"column":20},"end":{"line":66,"column":21}},"loc":{"start":{"line":66,"column":28},"end":{"line":76,"column":3}},"line":66},"12":{"name":"(anonymous_12)","decl":{"start":{"line":78,"column":23},"end":{"line":78,"column":24}},"loc":{"start":{"line":78,"column":29},"end":{"line":89,"column":3}},"line":78},"13":{"name":"(anonymous_13)","decl":{"start":{"line":79,"column":52},"end":{"line":79,"column":53}},"loc":{"start":{"line":79,"column":61},"end":{"line":88,"column":6}},"line":79},"14":{"name":"(anonymous_14)","decl":{"start":{"line":79,"column":91},"end":{"line":79,"column":92}},"loc":{"start":{"line":79,"column":98},"end":{"line":88,"column":5}},"line":79},"15":{"name":"(anonymous_15)","decl":{"start":{"line":91,"column":25},"end":{"line":91,"column":26}},"loc":{"start":{"line":91,"column":31},"end":{"line":102,"column":3}},"line":91},"16":{"name":"(anonymous_16)","decl":{"start":{"line":92,"column":47},"end":{"line":92,"column":48}},"loc":{"start":{"line":92,"column":57},"end":{"line":101,"column":6}},"line":92},"17":{"name":"(anonymous_17)","decl":{"start":{"line":92,"column":91},"end":{"line":92,"column":92}},"loc":{"start":{"line":92,"column":98},"end":{"line":101,"column":5}},"line":92},"18":{"name":"(anonymous_18)","decl":{"start":{"line":104,"column":22},"end":{"line":104,"column":23}},"loc":{"start":{"line":104,"column":78},"end":{"line":119,"column":3}},"line":104},"19":{"name":"(anonymous_19)","decl":{"start":{"line":121,"column":24},"end":{"line":121,"column":25}},"loc":{"start":{"line":121,"column":30},"end":{"line":143,"column":3}},"line":121},"20":{"name":"(anonymous_20)","decl":{"start":{"line":125,"column":21},"end":{"line":125,"column":22}},"loc":{"start":{"line":125,"column":31},"end":{"line":136,"column":5}},"line":125},"21":{"name":"(anonymous_21)","decl":{"start":{"line":145,"column":24},"end":{"line":145,"column":25}},"loc":{"start":{"line":145,"column":41},"end":{"line":153,"column":3}},"line":145}},"branchMap":{"0":{"loc":{"start":{"line":13,"column":4},"end":{"line":17,"column":5}},"type":"if","locations":[{"start":{"line":13,"column":4},"end":{"line":17,"column":5}},{"start":{"line":15,"column":11},"end":{"line":17,"column":5}}],"line":13},"1":{"loc":{"start":{"line":43,"column":6},"end":{"line":45,"column":7}},"type":"if","locations":[{"start":{"line":43,"column":6},"end":{"line":45,"column":7}},{"start":{},"end":{}}],"line":43},"2":{"loc":{"start":{"line":56,"column":6},"end":{"line":60,"column":7}},"type":"if","locations":[{"start":{"line":56,"column":6},"end":{"line":60,"column":7}},{"start":{"line":58,"column":13},"end":{"line":60,"column":7}}],"line":56},"3":{"loc":{"start":{"line":82,"column":6},"end":{"line":86,"column":7}},"type":"if","locations":[{"start":{"line":82,"column":6},"end":{"line":86,"column":7}},{"start":{"line":84,"column":13},"end":{"line":86,"column":7}}],"line":82},"4":{"loc":{"start":{"line":95,"column":6},"end":{"line":99,"column":7}},"type":"if","locations":[{"start":{"line":95,"column":6},"end":{"line":99,"column":7}},{"start":{"line":97,"column":13},"end":{"line":99,"column":7}}],"line":95},"5":{"loc":{"start":{"line":128,"column":6},"end":{"line":134,"column":7}},"type":"if","locations":[{"start":{"line":128,"column":6},"end":{"line":134,"column":7}},{"start":{"line":131,"column":13},"end":{"line":134,"column":7}}],"line":128}},"s":{"0":1,"1":1,"2":1,"3":1,"4":2,"5":1,"6":1,"7":2,"8":1,"9":0,"10":0,"11":1,"12":0,"13":0,"14":0,"15":0,"16":0,"17":0,"18":1,"19":0,"20":0,"21":0,"22":0,"23":0,"24":0,"25":0,"26":1,"27":0,"28":0,"29":0,"30":0,"31":0,"32":0,"33":0,"34":0,"35":1,"36":0,"37":0,"38":0,"39":0,"40":0,"41":0,"42":0,"43":0,"44":1,"45":0,"46":0,"47":0,"48":0,"49":0,"50":0,"51":0,"52":1,"53":0,"54":0,"55":0,"56":0,"57":0,"58":0,"59":0,"60":1,"61":0,"62":0,"63":0,"64":0,"65":1,"66":1,"67":1,"68":1,"69":0,"70":0,"71":0,"72":0,"73":0,"74":0,"75":0,"76":0,"77":0,"78":0,"79":0,"80":0,"81":1,"82":1,"83":1,"84":1,"85":1,"86":1,"87":1},"f":{"0":1,"1":2,"2":0,"3":0,"4":0,"5":0,"6":0,"7":0,"8":0,"9":0,"10":0,"11":0,"12":0,"13":0,"14":0,"15":0,"16":0,"17":0,"18":0,"19":1,"20":0,"21":1},"b":{"0":[1,1],"1":[0,0],"2":[0,0],"3":[0,0],"4":[0,0],"5":[0,0]},"_coverageSchema":"1a1c01bbd47fc00a2c39e90264f33305004495a9","hash":"07847241868c70193d5569a9b74cb8333283a4f9"}
}
